{
  "stats": {
    "suites": 1,
    "tests": 1,
    "passes": 0,
    "pending": 2,
    "failures": -1,
    "start": "2025-05-22T19:09:10.900Z",
    "end": "2025-05-22T19:09:10.951Z",
    "duration": 51,
    "testsRegistered": 2,
    "passPercent": null,
    "pendingPercent": 100,
    "other": 1,
    "hasOther": true,
    "skipped": 0,
    "hasSkipped": false
  },
  "results": [
    {
      "uuid": "92dfd16b-ae3a-49b9-a863-d6f3d8d430f7",
      "title": "",
      "fullFile": "cypress/integration/examples/BDD/ecommerce.feature",
      "file": "cypress/integration/examples/BDD/ecommerce.feature",
      "beforeHooks": [],
      "afterHooks": [],
      "tests": [],
      "suites": [
        {
          "uuid": "d3a3bb42-3500-4d98-ae3b-0b606bd56977",
          "title": "End to End Ecommerce validation",
          "fullFile": "",
          "file": "",
          "beforeHooks": [],
          "afterHooks": [],
          "tests": [
            {
              "title": "Ecommerce product delivery",
              "fullTitle": "End to End Ecommerce validation Ecommerce product delivery",
              "timedOut": null,
              "duration": 0,
              "state": "pending",
              "speed": null,
              "pass": false,
              "fail": false,
              "pending": true,
              "context": "{\n  \"title\": \"cypress-mochawesome-reporter-videos-pending\",\n  \"value\": \"cypress/integration/examples/BDD/ecommerce.feature\"\n}",
              "code": "",
              "err": {},
              "uuid": "f3a04887-0647-4b57-b630-6a448a983e53",
              "parentUUID": "d3a3bb42-3500-4d98-ae3b-0b606bd56977",
              "isHook": false,
              "skipped": false
            },
            {
              "title": "Ecommerce product delivery - cucumber driven",
              "fullTitle": "End to End Ecommerce validation Ecommerce product delivery - cucumber driven",
              "timedOut": null,
              "duration": 0,
              "state": "pending",
              "speed": null,
              "pass": false,
              "fail": false,
              "pending": true,
              "context": "{\n  \"title\": \"cypress-mochawesome-reporter-videos-pending\",\n  \"value\": \"cypress/integration/examples/BDD/ecommerce.feature\"\n}",
              "code": "",
              "err": {},
              "uuid": "fb309639-49b2-46a9-a03d-752bd8ce5265",
              "parentUUID": "d3a3bb42-3500-4d98-ae3b-0b606bd56977",
              "isHook": false,
              "skipped": false
            }
          ],
          "suites": [],
          "passes": [],
          "failures": [],
          "pending": [
            "f3a04887-0647-4b57-b630-6a448a983e53",
            "fb309639-49b2-46a9-a03d-752bd8ce5265"
          ],
          "skipped": [],
          "duration": 0,
          "root": false,
          "rootEmpty": false,
          "_timeout": 2000
        }
      ],
      "passes": [],
      "failures": [],
      "pending": [],
      "skipped": [],
      "duration": 0,
      "root": true,
      "rootEmpty": true,
      "_timeout": 2000
    }
  ],
  "meta": {
    "mocha": {
      "version": "7.0.1"
    },
    "mochawesome": {
      "options": {
        "quiet": false,
        "reportFilename": "mochawesome",
        "saveHtml": false,
        "saveJson": true,
        "consoleReporter": "spec",
        "useInlineDiffs": false,
        "code": true
      },
      "version": "7.1.3"
    },
    "marge": {
      "options": {
        "charts": true,
        "reportPageTitle": "custom-title",
        "embeddedScreenshots": true,
        "inlineAssets": true,
        "saveAllAttempts": false,
        "overwrite": false,
        "html": false,
        "json": true,
        "reportDir": "cypress/reports/html/.jsons"
      },
      "version": "6.2.0"
    }
  }
}