{
  "stats": {
    "suites": 1,
    "tests": 1,
    "passes": 1,
    "pending": 0,
    "failures": 0,
    "start": "2025-05-22T18:47:40.455Z",
    "end": "2025-05-22T18:47:45.344Z",
    "duration": 4889,
    "testsRegistered": 1,
    "passPercent": 100,
    "pendingPercent": 0,
    "other": 0,
    "hasOther": false,
    "skipped": 0,
    "hasSkipped": false
  },
  "results": [
    {
      "uuid": "a71c584d-82f1-48f7-8796-3ce737873259",
      "title": "",
      "fullFile": "cypress/integration/examples/HandleChildTabWithoutTargetRemove.js",
      "file": "cypress/integration/examples/HandleChildTabWithoutTargetRemove.js",
      "beforeHooks": [],
      "afterHooks": [],
      "tests": [],
      "suites": [
        {
          "uuid": "7409b304-39b4-4143-9f8c-10af78bde0f9",
          "title": "Handle child window test suite",
          "fullFile": "",
          "file": "",
          "beforeHooks": [],
          "afterHooks": [],
          "tests": [
            {
              "title": "Handle child window test case",
              "fullTitle": "Handle child window test suite Handle child window test case",
              "timedOut": null,
              "duration": 4289,
              "state": "passed",
              "speed": "fast",
              "pass": true,
              "fail": false,
              "pending": false,
              "context": "{\n  \"title\": \"cypress-mochawesome-reporter-videos-passed\",\n  \"value\": \"cypress/integration/examples/HandleChildTabWithoutTargetRemove.js\"\n}",
              "code": "cy.visit('https://rahulshettyacademy.com/AutomationPractice/');\ncy.get('#opentab').then(function (el) {\n  var url = el.prop('href');\n  cy.visit(url);\n  cy.origin(url, function () {\n    cy.get(\"div.sub-menu-bar a[href*='about']\").click();\n  });\n});",
              "err": {},
              "uuid": "5c2226e8-6933-4787-89c2-e0c7d3e579a8",
              "parentUUID": "7409b304-39b4-4143-9f8c-10af78bde0f9",
              "isHook": false,
              "skipped": false
            }
          ],
          "suites": [],
          "passes": [
            "5c2226e8-6933-4787-89c2-e0c7d3e579a8"
          ],
          "failures": [],
          "pending": [],
          "skipped": [],
          "duration": 4289,
          "root": false,
          "rootEmpty": false,
          "_timeout": 2000
        }
      ],
      "passes": [],
      "failures": [],
      "pending": [],
      "skipped": [],
      "duration": 0,
      "root": true,
      "rootEmpty": true,
      "_timeout": 2000
    }
  ],
  "meta": {
    "mocha": {
      "version": "7.0.1"
    },
    "mochawesome": {
      "options": {
        "quiet": false,
        "reportFilename": "mochawesome",
        "saveHtml": false,
        "saveJson": true,
        "consoleReporter": "spec",
        "useInlineDiffs": false,
        "code": true
      },
      "version": "7.1.3"
    },
    "marge": {
      "options": {
        "charts": true,
        "reportPageTitle": "custom-title",
        "embeddedScreenshots": true,
        "inlineAssets": true,
        "saveAllAttempts": false,
        "overwrite": false,
        "html": false,
        "json": true,
        "reportDir": "cypress/reports/html/.jsons"
      },
      "version": "6.2.0"
    }
  }
}