{
  "stats": {
    "suites": 1,
    "tests": 1,
    "passes": 0,
    "pending": 0,
    "failures": 1,
    "start": "2025-05-22T18:55:20.858Z",
    "end": "2025-05-22T18:55:22.291Z",
    "duration": 1433,
    "testsRegistered": 1,
    "passPercent": 0,
    "pendingPercent": 0,
    "other": 0,
    "hasOther": false,
    "skipped": 0,
    "hasSkipped": false
  },
  "results": [
    {
      "uuid": "18817128-b6c7-4090-bb90-7c9cd982706e",
      "title": "",
      "fullFile": "cypress/integration/examples/HandleCalendarEvents.js",
      "file": "cypress/integration/examples/HandleCalendarEvents.js",
      "beforeHooks": [],
      "afterHooks": [],
      "tests": [],
      "suites": [
        {
          "uuid": "15368661-c84e-42ae-a780-e87426a0d842",
          "title": "Handle Calendar Events",
          "fullFile": "",
          "file": "",
          "beforeHooks": [],
          "afterHooks": [],
          "tests": [
            {
              "title": "Handle Calendar Events",
              "fullTitle": "Handle Calendar Events Handle Calendar Events",
              "timedOut": null,
              "duration": 704,
              "state": "failed",
              "speed": null,
              "pass": false,
              "fail": true,
              "pending": false,
              "context": "[\n  {\n    \"title\": \"cypress-mochawesome-reporter-videos-failed\",\n    \"value\": \"cypress/integration/examples/HandleCalendarEvents.js\"\n  },\n  {\n    \"title\": \"cypress-mochawesome-reporter-screenshots\",\n    \"value\": [\n      [\n        \"/HandleCalendarEvents.js/Handle Calendar Events -- Handle Calendar Events (failed).png\"\n      ],\n      [\n        \"/HandleCalendarEvents.js/Handle Calendar Events -- Handle Calendar Events (failed) (attempt 2).png\"\n      ]\n    ]\n  }\n]",
              "code": "var monthNum = \"6\";\nvar dateNum = \"15\";\nvar yearNum = \"2027\";\nvar expectedValues = [monthNum, dateNum, yearNum];\ncy.visit('https://rahulshettyacademy.com/seleniumPractise/#/offers');\ncy.get('.react-date-picker__inputgroup').click();\ncy.get('.react-calendar__navigation__label__labelText').click();\ncy.get('.react-calendar__navigation__label__labelText').click();\ncy.contains(\"button\", yearNum).click();\ncy.get('.react-calendar__year-view__months__month').eq(Number(monthNum) - 1).click();\ncy.contains(\"abbr\", dateNum).click();\n//Assertions\ncy.get('.react-date-picker__inputGroup__input').each(function ($el, index) {\n  cy.wrap($el).invoke('val').should('eq', expectedValues[index]);\n});",
              "err": {
                "message": "CypressError: `cy.visit()` failed trying to load:\n\nhttps://rahulshettyacademy.com/seleniumPractise/\n\nWe attempted to make an http request to this URL but the request failed without a response.\n\nWe received this error at the network level:\n\n  > Error: getaddrinfo ENOTFOUND rahulshettyacademy.com\n\nCommon situations why this would fail:\n  - you don't have internet access\n  - you forgot to run / boot your web server\n  - your web server isn't accessible\n  - you have weird network configuration settings on your computer",
                "estack": "CypressError: `cy.visit()` failed trying to load:\n\nhttps://rahulshettyacademy.com/seleniumPractise/\n\nWe attempted to make an http request to this URL but the request failed without a response.\n\nWe received this error at the network level:\n\n  > Error: getaddrinfo ENOTFOUND rahulshettyacademy.com\n\nCommon situations why this would fail:\n  - you don't have internet access\n  - you forgot to run / boot your web server\n  - your web server isn't accessible\n  - you have weird network configuration settings on your computer\n    at <unknown> (http://localhost:52423/__cypress/runner/cypress_runner.js:148084:82)\n    at visitFailedByErr (http://localhost:52423/__cypress/runner/cypress_runner.js:147476:12)\n    at <unknown> (http://localhost:52423/__cypress/runner/cypress_runner.js:148083:11)\n    at tryCatcher (http://localhost:52423/__cypress/runner/cypress_runner.js:18744:23)\n    at Promise._settlePromiseFromHandler (http://localhost:52423/__cypress/runner/cypress_runner.js:16679:31)\n    at Promise._settlePromise (http://localhost:52423/__cypress/runner/cypress_runner.js:16736:18)\n    at Promise._settlePromise0 (http://localhost:52423/__cypress/runner/cypress_runner.js:16781:10)\n    at Promise._settlePromises (http://localhost:52423/__cypress/runner/cypress_runner.js:16857:18)\n    at _drainQueueStep (http://localhost:52423/__cypress/runner/cypress_runner.js:13451:12)\n    at _drainQueue (http://localhost:52423/__cypress/runner/cypress_runner.js:13444:9)\n    at ../../node_modules/bluebird/js/release/async.js.Async._drainQueues (http://localhost:52423/__cypress/runner/cypress_runner.js:13460:5)\n    at Async.drainQueues (http://localhost:52423/__cypress/runner/cypress_runner.js:13330:14)\nFrom Your Spec Code:\n    at Context.eval (cypress/integration/examples/HandleCalendarEvents.js:8:11)\n\nFrom Node.js Internals:\n  Error: getaddrinfo ENOTFOUND rahulshettyacademy.com\n      at GetAddrInfoReqWrap.onlookup [as oncomplete] (node:dns:71:26)",
                "diff": null
              },
              "uuid": "9bfde3b9-29c4-4311-8181-09e9f63eec44",
              "parentUUID": "15368661-c84e-42ae-a780-e87426a0d842",
              "isHook": false,
              "skipped": false
            }
          ],
          "suites": [],
          "passes": [],
          "failures": [
            "9bfde3b9-29c4-4311-8181-09e9f63eec44"
          ],
          "pending": [],
          "skipped": [],
          "duration": 704,
          "root": false,
          "rootEmpty": false,
          "_timeout": 2000
        }
      ],
      "passes": [],
      "failures": [],
      "pending": [],
      "skipped": [],
      "duration": 0,
      "root": true,
      "rootEmpty": true,
      "_timeout": 2000
    }
  ],
  "meta": {
    "mocha": {
      "version": "7.0.1"
    },
    "mochawesome": {
      "options": {
        "quiet": false,
        "reportFilename": "mochawesome",
        "saveHtml": false,
        "saveJson": true,
        "consoleReporter": "spec",
        "useInlineDiffs": false,
        "code": true
      },
      "version": "7.1.3"
    },
    "marge": {
      "options": {
        "charts": true,
        "reportPageTitle": "custom-title",
        "embeddedScreenshots": true,
        "inlineAssets": true,
        "saveAllAttempts": false,
        "overwrite": false,
        "html": false,
        "json": true,
        "reportDir": "cypress/reports/html/.jsons"
      },
      "version": "6.2.0"
    }
  }
}