{
  "stats": {
    "suites": 1,
    "tests": 1,
    "passes": 1,
    "pending": 0,
    "failures": 0,
    "start": "2025-05-22T18:44:58.206Z",
    "end": "2025-05-22T18:45:04.191Z",
    "duration": 5985,
    "testsRegistered": 1,
    "passPercent": 100,
    "pendingPercent": 0,
    "other": 0,
    "hasOther": false,
    "skipped": 0,
    "hasSkipped": false
  },
  "results": [
    {
      "uuid": "a5778f75-70fe-4ed6-8d84-08d3a94772d0",
      "title": "",
      "fullFile": "cypress/integration/examples/HandleChildTab.js",
      "file": "cypress/integration/examples/HandleChildTab.js",
      "beforeHooks": [],
      "afterHooks": [],
      "tests": [],
      "suites": [
        {
          "uuid": "e8229ad9-ecdb-4bff-b2a9-7836a8539d17",
          "title": "Handle child window test suite",
          "fullFile": "",
          "file": "",
          "beforeHooks": [],
          "afterHooks": [],
          "tests": [
            {
              "title": "Handle child window test case",
              "fullTitle": "Handle child window test suite Handle child window test case",
              "timedOut": null,
              "duration": 5416,
              "state": "passed",
              "speed": "medium",
              "pass": true,
              "fail": false,
              "pending": false,
              "context": "{\n  \"title\": \"cypress-mochawesome-reporter-videos-passed\",\n  \"value\": \"cypress/integration/examples/HandleChildTab.js\"\n}",
              "code": "cy.visit('https://rahulshettyacademy.com/AutomationPractice/');\ncy.get('#opentab').invoke('removeAttr', 'target').click();\n// If we click new tab it opens a different site. Cypress is not allowing directly to access cross-origin pages so we need to \n// perform all operations in isolated block named origin\ncy.origin(\"https://www.qaclickacademy.com\", function () {\n  cy.get('#navbarSupportedContent a[href*=\"about\"]').click();\n  cy.get('.mt-50 h2').should('contain', 'Welcome to QAClick Academy');\n});",
              "err": {},
              "uuid": "2db4d160-eaa1-4c87-9b8b-406bbadb970d",
              "parentUUID": "e8229ad9-ecdb-4bff-b2a9-7836a8539d17",
              "isHook": false,
              "skipped": false
            }
          ],
          "suites": [],
          "passes": [
            "2db4d160-eaa1-4c87-9b8b-406bbadb970d"
          ],
          "failures": [],
          "pending": [],
          "skipped": [],
          "duration": 5416,
          "root": false,
          "rootEmpty": false,
          "_timeout": 2000
        }
      ],
      "passes": [],
      "failures": [],
      "pending": [],
      "skipped": [],
      "duration": 0,
      "root": true,
      "rootEmpty": true,
      "_timeout": 2000
    }
  ],
  "meta": {
    "mocha": {
      "version": "7.0.1"
    },
    "mochawesome": {
      "options": {
        "quiet": false,
        "reportFilename": "mochawesome",
        "saveHtml": false,
        "saveJson": true,
        "consoleReporter": "spec",
        "useInlineDiffs": false,
        "code": true
      },
      "version": "7.1.3"
    },
    "marge": {
      "options": {
        "charts": true,
        "reportPageTitle": "custom-title",
        "embeddedScreenshots": true,
        "inlineAssets": true,
        "saveAllAttempts": false,
        "overwrite": false,
        "html": false,
        "json": true,
        "reportDir": "cypress/reports/html/.jsons"
      },
      "version": "6.2.0"
    }
  }
}