{
  "stats": {
    "suites": 1,
    "tests": 1,
    "passes": 1,
    "pending": 0,
    "failures": 0,
    "start": "2025-05-22T18:47:28.338Z",
    "end": "2025-05-22T18:47:29.970Z",
    "duration": 1632,
    "testsRegistered": 1,
    "passPercent": 100,
    "pendingPercent": 0,
    "other": 0,
    "hasOther": false,
    "skipped": 0,
    "hasSkipped": false
  },
  "results": [
    {
      "uuid": "ad719f1b-e4d3-47f6-af08-b64663165535",
      "title": "",
      "fullFile": "cypress/integration/examples/HandleCalendarEvents.js",
      "file": "cypress/integration/examples/HandleCalendarEvents.js",
      "beforeHooks": [],
      "afterHooks": [],
      "tests": [],
      "suites": [
        {
          "uuid": "6d07e525-91a7-4a46-8c03-c250bcd1c119",
          "title": "Handle Calendar Events",
          "fullFile": "",
          "file": "",
          "beforeHooks": [],
          "afterHooks": [],
          "tests": [
            {
              "title": "Handle Calendar Events",
              "fullTitle": "Handle Calendar Events Handle Calendar Events",
              "timedOut": null,
              "duration": 1046,
              "state": "passed",
              "speed": "fast",
              "pass": true,
              "fail": false,
              "pending": false,
              "context": "{\n  \"title\": \"cypress-mochawesome-reporter-videos-passed\",\n  \"value\": \"cypress/integration/examples/HandleCalendarEvents.js\"\n}",
              "code": "var monthNum = \"6\";\nvar dateNum = \"15\";\nvar yearNum = \"2027\";\nvar expectedValues = [monthNum, dateNum, yearNum];\ncy.visit('https://rahulshettyacademy.com/seleniumPractise/#/offers');\ncy.get('.react-date-picker__inputgroup').click();\ncy.get('.react-calendar__navigation__label__labelText').click();\ncy.get('.react-calendar__navigation__label__labelText').click();\ncy.contains(\"button\", yearNum).click();\ncy.get('.react-calendar__year-view__months__month').eq(Number(monthNum) - 1).click();\ncy.contains(\"abbr\", dateNum).click();\n//Assertions\ncy.get('.react-date-picker__inputGroup__input').each(function ($el, index) {\n  cy.wrap($el).invoke('val').should('eq', expectedValues[index]);\n});",
              "err": {},
              "uuid": "b03bd955-422d-48b8-9465-931949c2059f",
              "parentUUID": "6d07e525-91a7-4a46-8c03-c250bcd1c119",
              "isHook": false,
              "skipped": false
            }
          ],
          "suites": [],
          "passes": [
            "b03bd955-422d-48b8-9465-931949c2059f"
          ],
          "failures": [],
          "pending": [],
          "skipped": [],
          "duration": 1046,
          "root": false,
          "rootEmpty": false,
          "_timeout": 2000
        }
      ],
      "passes": [],
      "failures": [],
      "pending": [],
      "skipped": [],
      "duration": 0,
      "root": true,
      "rootEmpty": true,
      "_timeout": 2000
    }
  ],
  "meta": {
    "mocha": {
      "version": "7.0.1"
    },
    "mochawesome": {
      "options": {
        "quiet": false,
        "reportFilename": "mochawesome",
        "saveHtml": false,
        "saveJson": true,
        "consoleReporter": "spec",
        "useInlineDiffs": false,
        "code": true
      },
      "version": "7.1.3"
    },
    "marge": {
      "options": {
        "charts": true,
        "reportPageTitle": "custom-title",
        "embeddedScreenshots": true,
        "inlineAssets": true,
        "saveAllAttempts": false,
        "overwrite": false,
        "html": false,
        "json": true,
        "reportDir": "cypress/reports/html/.jsons"
      },
      "version": "6.2.0"
    }
  }
}