{
  "stats": {
    "suites": 1,
    "tests": 1,
    "passes": 0,
    "pending": 0,
    "failures": 1,
    "start": "2025-05-22T18:44:29.611Z",
    "end": "2025-05-22T18:44:38.176Z",
    "duration": 8565,
    "testsRegistered": 1,
    "passPercent": 0,
    "pendingPercent": 0,
    "other": 0,
    "hasOther": false,
    "skipped": 0,
    "hasSkipped": false
  },
  "results": [
    {
      "uuid": "8cc77ebd-c0a2-4627-998b-dd0c212c82e7",
      "title": "",
      "fullFile": "cypress/integration/examples/EndToEndECommerceTest_rawCode.js",
      "file": "cypress/integration/examples/EndToEndECommerceTest_rawCode.js",
      "beforeHooks": [],
      "afterHooks": [],
      "tests": [],
      "suites": [
        {
          "uuid": "c886ef1c-581b-4086-82c4-f3ef622051cf",
          "title": "End to End ecommerce Test",
          "fullFile": "",
          "file": "",
          "beforeHooks": [],
          "afterHooks": [],
          "tests": [
            {
              "title": "Submit Order",
              "fullTitle": "End to End ecommerce Test Submit Order",
              "timedOut": null,
              "duration": 154,
              "state": "failed",
              "speed": null,
              "pass": false,
              "fail": true,
              "pending": false,
              "context": "[\n  {\n    \"title\": \"cypress-mochawesome-reporter-videos-failed\",\n    \"value\": \"cypress/integration/examples/EndToEndECommerceTest_rawCode.js\"\n  },\n  {\n    \"title\": \"cypress-mochawesome-reporter-screenshots\",\n    \"value\": [\n      [\n        \"/EndToEndECommerceTest_rawCode.js/End to End ecommerce Test -- Submit Order (failed).png\"\n      ],\n      [\n        \"/EndToEndECommerceTest_rawCode.js/End to End ecommerce Test -- Submit Order (failed) (attempt 2).png\"\n      ]\n    ]\n  }\n]",
              "code": "var productName = this.data.productName;\ncy.visit(\"https://rahulshettyacademy.com/loginpagePractise/#\");\ncy.get(\"#username\").type(this.data.username);\ncy.get(\"#password\").type(this.data.password);\ncy.contains(\"Sign In\").click();\ncy.contains(\"Shop Name\").should('be.visible');\ncy.get('app-card').should('have.length', 4);\ncy.get('app-card').filter(\":contains(\\\"\".concat(productName, \"\\\")\")).then(function ($element) {\n  cy.wrap($element).should('have.length', 1);\n  cy.wrap($element).contains('button', 'Add').click();\n});\ncy.get('app-card').eq(0).contains('button', 'Add').click();\ncy.contains('a', 'Checkout').click();\nvar sum = 0;\ncy.get('tr td:nth-child(4) strong').each(function ($e1) {\n  //₹. 65000\n  var amount = Number($e1.text().split(\" \")[1].trim());\n  sum = sum + amount; //65000 + 1000000\n}).then(function () {\n  expect(sum).to.be.lessThan(200000);\n});\ncy.contains('button', 'Checkout').click();\nCypress.config('defaultCommandTimeout', 10000);\ncy.get(\"#country\").type(\"India\");\ncy.get(\".suggestions ul li a\").click();\ncy.get(\".btn-success\").click();\ncy.get(\".alert-success\").should('contain', 'Success');",
              "err": {
                "message": "TypeError: Cannot read properties of undefined (reading 'productName')",
                "estack": "TypeError: Cannot read properties of undefined (reading 'productName')\n    at Context.eval (cypress/integration/examples/EndToEndECommerceTest_rawCode.js:14:38)",
                "diff": null
              },
              "uuid": "246e92be-89f2-48ad-98f7-a88008fdcb5e",
              "parentUUID": "c886ef1c-581b-4086-82c4-f3ef622051cf",
              "isHook": false,
              "skipped": false
            }
          ],
          "suites": [],
          "passes": [],
          "failures": [
            "246e92be-89f2-48ad-98f7-a88008fdcb5e"
          ],
          "pending": [],
          "skipped": [],
          "duration": 154,
          "root": false,
          "rootEmpty": false,
          "_timeout": 2000
        }
      ],
      "passes": [],
      "failures": [],
      "pending": [],
      "skipped": [],
      "duration": 0,
      "root": true,
      "rootEmpty": true,
      "_timeout": 2000
    }
  ],
  "meta": {
    "mocha": {
      "version": "7.0.1"
    },
    "mochawesome": {
      "options": {
        "quiet": false,
        "reportFilename": "mochawesome",
        "saveHtml": false,
        "saveJson": true,
        "consoleReporter": "spec",
        "useInlineDiffs": false,
        "code": true
      },
      "version": "7.1.3"
    },
    "marge": {
      "options": {
        "charts": true,
        "reportPageTitle": "custom-title",
        "embeddedScreenshots": true,
        "inlineAssets": true,
        "saveAllAttempts": false,
        "overwrite": false,
        "html": false,
        "json": true,
        "reportDir": "cypress/reports/html/.jsons"
      },
      "version": "6.2.0"
    }
  }
}