{
  "stats": {
    "suites": 1,
    "tests": 1,
    "passes": 0,
    "pending": 0,
    "failures": 1,
    "start": "2025-05-22T18:55:31.489Z",
    "end": "2025-05-22T18:55:32.911Z",
    "duration": 1422,
    "testsRegistered": 1,
    "passPercent": 0,
    "pendingPercent": 0,
    "other": 0,
    "hasOther": false,
    "skipped": 0,
    "hasSkipped": false
  },
  "results": [
    {
      "uuid": "aeec6ac6-77a2-4eb4-b280-8646ad36ba7b",
      "title": "",
      "fullFile": "cypress/integration/examples/HandleIFrames.js",
      "file": "cypress/integration/examples/HandleIFrames.js",
      "beforeHooks": [],
      "afterHooks": [],
      "tests": [],
      "suites": [
        {
          "uuid": "74980f1e-cedd-4127-a411-adc313663279",
          "title": "Handle web iframes",
          "fullFile": "",
          "file": "",
          "beforeHooks": [],
          "afterHooks": [],
          "tests": [
            {
              "title": "Handle Web iframes",
              "fullTitle": "Handle web iframes Handle Web iframes",
              "timedOut": null,
              "duration": 690,
              "state": "failed",
              "speed": null,
              "pass": false,
              "fail": true,
              "pending": false,
              "context": "[\n  {\n    \"title\": \"cypress-mochawesome-reporter-videos-failed\",\n    \"value\": \"cypress/integration/examples/HandleIFrames.js\"\n  },\n  {\n    \"title\": \"cypress-mochawesome-reporter-screenshots\",\n    \"value\": [\n      [\n        \"/HandleIFrames.js/Handle web iframes -- Handle Web iframes (failed).png\"\n      ],\n      [\n        \"/HandleIFrames.js/Handle web iframes -- Handle Web iframes (failed) (attempt 2).png\"\n      ]\n    ]\n  }\n]",
              "code": "cy.visit('https://rahulshettyacademy.com/AutomationPractice/');\ncy.frameLoaded('#courses-iframe');\ncy.iframe().find(\"a[href*='mentorship']\").eq(0).click();\ncy.wait(1000);\ncy.iframe().find(\"h1[class*='pricing-title']\").should('have.length', 2);",
              "err": {
                "message": "CypressError: `cy.visit()` failed trying to load:\n\nhttps://rahulshettyacademy.com/AutomationPractice/\n\nWe attempted to make an http request to this URL but the request failed without a response.\n\nWe received this error at the network level:\n\n  > Error: getaddrinfo ENOTFOUND rahulshettyacademy.com\n\nCommon situations why this would fail:\n  - you don't have internet access\n  - you forgot to run / boot your web server\n  - your web server isn't accessible\n  - you have weird network configuration settings on your computer",
                "estack": "CypressError: `cy.visit()` failed trying to load:\n\nhttps://rahulshettyacademy.com/AutomationPractice/\n\nWe attempted to make an http request to this URL but the request failed without a response.\n\nWe received this error at the network level:\n\n  > Error: getaddrinfo ENOTFOUND rahulshettyacademy.com\n\nCommon situations why this would fail:\n  - you don't have internet access\n  - you forgot to run / boot your web server\n  - your web server isn't accessible\n  - you have weird network configuration settings on your computer\n    at <unknown> (http://localhost:52423/__cypress/runner/cypress_runner.js:148084:82)\n    at visitFailedByErr (http://localhost:52423/__cypress/runner/cypress_runner.js:147476:12)\n    at <unknown> (http://localhost:52423/__cypress/runner/cypress_runner.js:148083:11)\n    at tryCatcher (http://localhost:52423/__cypress/runner/cypress_runner.js:18744:23)\n    at Promise._settlePromiseFromHandler (http://localhost:52423/__cypress/runner/cypress_runner.js:16679:31)\n    at Promise._settlePromise (http://localhost:52423/__cypress/runner/cypress_runner.js:16736:18)\n    at Promise._settlePromise0 (http://localhost:52423/__cypress/runner/cypress_runner.js:16781:10)\n    at Promise._settlePromises (http://localhost:52423/__cypress/runner/cypress_runner.js:16857:18)\n    at _drainQueueStep (http://localhost:52423/__cypress/runner/cypress_runner.js:13451:12)\n    at _drainQueue (http://localhost:52423/__cypress/runner/cypress_runner.js:13444:9)\n    at ../../node_modules/bluebird/js/release/async.js.Async._drainQueues (http://localhost:52423/__cypress/runner/cypress_runner.js:13460:5)\n    at Async.drainQueues (http://localhost:52423/__cypress/runner/cypress_runner.js:13330:14)\nFrom Your Spec Code:\n    at Context.eval (cypress/integration/examples/HandleIFrames.js:6:11)\n\nFrom Node.js Internals:\n  Error: getaddrinfo ENOTFOUND rahulshettyacademy.com\n      at GetAddrInfoReqWrap.onlookup [as oncomplete] (node:dns:71:26)",
                "diff": null
              },
              "uuid": "8582f4a9-8be0-4881-9c73-5758c68053fb",
              "parentUUID": "74980f1e-cedd-4127-a411-adc313663279",
              "isHook": false,
              "skipped": false
            }
          ],
          "suites": [],
          "passes": [],
          "failures": [
            "8582f4a9-8be0-4881-9c73-5758c68053fb"
          ],
          "pending": [],
          "skipped": [],
          "duration": 690,
          "root": false,
          "rootEmpty": false,
          "_timeout": 2000
        }
      ],
      "passes": [],
      "failures": [],
      "pending": [],
      "skipped": [],
      "duration": 0,
      "root": true,
      "rootEmpty": true,
      "_timeout": 2000
    }
  ],
  "meta": {
    "mocha": {
      "version": "7.0.1"
    },
    "mochawesome": {
      "options": {
        "quiet": false,
        "reportFilename": "mochawesome",
        "saveHtml": false,
        "saveJson": true,
        "consoleReporter": "spec",
        "useInlineDiffs": false,
        "code": true
      },
      "version": "7.1.3"
    },
    "marge": {
      "options": {
        "charts": true,
        "reportPageTitle": "custom-title",
        "embeddedScreenshots": true,
        "inlineAssets": true,
        "saveAllAttempts": false,
        "overwrite": false,
        "html": false,
        "json": true,
        "reportDir": "cypress/reports/html/.jsons"
      },
      "version": "6.2.0"
    }
  }
}