{
  "stats": {
    "suites": 1,
    "tests": 2,
    "passes": 0,
    "pending": 0,
    "failures": 2,
    "start": "2025-05-22T18:55:40.130Z",
    "end": "2025-05-22T18:55:43.000Z",
    "duration": 2870,
    "testsRegistered": 2,
    "passPercent": 0,
    "pendingPercent": 0,
    "other": 0,
    "hasOther": false,
    "skipped": 0,
    "hasSkipped": false
  },
  "results": [
    {
      "uuid": "e3394691-621d-4c6a-b9a1-263d52712fb0",
      "title": "",
      "fullFile": "cypress/integration/examples/HandleWebTables.js",
      "file": "cypress/integration/examples/HandleWebTables.js",
      "beforeHooks": [],
      "afterHooks": [],
      "tests": [],
      "suites": [
        {
          "uuid": "f8fadf2a-ab53-4e4c-8424-418f731a07b5",
          "title": "Handle web tables",
          "fullFile": "",
          "file": "",
          "beforeHooks": [],
          "afterHooks": [],
          "tests": [
            {
              "title": "Handle Web table",
              "fullTitle": "Handle web tables Handle Web table",
              "timedOut": null,
              "duration": 725,
              "state": "failed",
              "speed": null,
              "pass": false,
              "fail": true,
              "pending": false,
              "context": "[\n  {\n    \"title\": \"cypress-mochawesome-reporter-videos-failed\",\n    \"value\": \"cypress/integration/examples/HandleWebTables.js\"\n  },\n  {\n    \"title\": \"cypress-mochawesome-reporter-screenshots\",\n    \"value\": [\n      [\n        \"/HandleWebTables.js/Handle web tables -- Handle Web table (failed).png\"\n      ],\n      [\n        \"/HandleWebTables.js/Handle web tables -- Handle Web table (failed) (attempt 2).png\"\n      ]\n    ]\n  }\n]",
              "code": "cy.visit('https://rahulshettyacademy.com/AutomationPractice/');\ncy.get('tr td:nth-child(2)').each(function ($el, index, $list) {\n  var text = $el.text();\n  if (text.includes('Python')) {\n    cy.get('tr td:nth-child(2)').eq(index).next().then(function (price) {\n      var priceText = price.text();\n      expect(priceText).to.equal('25');\n    });\n  }\n});",
              "err": {
                "message": "CypressError: `cy.visit()` failed trying to load:\n\nhttps://rahulshettyacademy.com/AutomationPractice/\n\nWe attempted to make an http request to this URL but the request failed without a response.\n\nWe received this error at the network level:\n\n  > Error: getaddrinfo ENOTFOUND rahulshettyacademy.com\n\nCommon situations why this would fail:\n  - you don't have internet access\n  - you forgot to run / boot your web server\n  - your web server isn't accessible\n  - you have weird network configuration settings on your computer",
                "estack": "CypressError: `cy.visit()` failed trying to load:\n\nhttps://rahulshettyacademy.com/AutomationPractice/\n\nWe attempted to make an http request to this URL but the request failed without a response.\n\nWe received this error at the network level:\n\n  > Error: getaddrinfo ENOTFOUND rahulshettyacademy.com\n\nCommon situations why this would fail:\n  - you don't have internet access\n  - you forgot to run / boot your web server\n  - your web server isn't accessible\n  - you have weird network configuration settings on your computer\n    at <unknown> (http://localhost:52423/__cypress/runner/cypress_runner.js:148084:82)\n    at visitFailedByErr (http://localhost:52423/__cypress/runner/cypress_runner.js:147476:12)\n    at <unknown> (http://localhost:52423/__cypress/runner/cypress_runner.js:148083:11)\n    at tryCatcher (http://localhost:52423/__cypress/runner/cypress_runner.js:18744:23)\n    at Promise._settlePromiseFromHandler (http://localhost:52423/__cypress/runner/cypress_runner.js:16679:31)\n    at Promise._settlePromise (http://localhost:52423/__cypress/runner/cypress_runner.js:16736:18)\n    at Promise._settlePromise0 (http://localhost:52423/__cypress/runner/cypress_runner.js:16781:10)\n    at Promise._settlePromises (http://localhost:52423/__cypress/runner/cypress_runner.js:16857:18)\n    at _drainQueueStep (http://localhost:52423/__cypress/runner/cypress_runner.js:13451:12)\n    at _drainQueue (http://localhost:52423/__cypress/runner/cypress_runner.js:13444:9)\n    at ../../node_modules/bluebird/js/release/async.js.Async._drainQueues (http://localhost:52423/__cypress/runner/cypress_runner.js:13460:5)\n    at Async.drainQueues (http://localhost:52423/__cypress/runner/cypress_runner.js:13330:14)\nFrom Your Spec Code:\n    at Context.eval (cypress/integration/examples/HandleWebTables.js:4:11)\n\nFrom Node.js Internals:\n  Error: getaddrinfo ENOTFOUND rahulshettyacademy.com\n      at GetAddrInfoReqWrap.onlookup [as oncomplete] (node:dns:71:26)",
                "diff": null
              },
              "uuid": "9eb6fad8-e7db-4d12-a4d6-eb6f9f13da3c",
              "parentUUID": "f8fadf2a-ab53-4e4c-8424-418f731a07b5",
              "isHook": false,
              "skipped": false
            },
            {
              "title": "Experimental test",
              "fullTitle": "Handle web tables Experimental test",
              "timedOut": null,
              "duration": 699,
              "state": "failed",
              "speed": null,
              "pass": false,
              "fail": true,
              "pending": false,
              "context": "[\n  {\n    \"title\": \"cypress-mochawesome-reporter-videos-failed\",\n    \"value\": \"cypress/integration/examples/HandleWebTables.js\"\n  },\n  {\n    \"title\": \"cypress-mochawesome-reporter-screenshots\",\n    \"value\": [\n      [\n        \"/HandleWebTables.js/Handle web tables -- Experimental test (failed).png\"\n      ],\n      [\n        \"/HandleWebTables.js/Handle web tables -- Experimental test (failed) (attempt 2).png\"\n      ]\n    ]\n  }\n]",
              "code": "cy.visit('https://rahulshettyacademy.com/AutomationPractice/');\ncy.contains('Master Selenium Automation in simple Python Language').parent('tr').find('td:nth-child(3)').should('have.text', '25');",
              "err": {
                "message": "CypressError: `cy.visit()` failed trying to load:\n\nhttps://rahulshettyacademy.com/AutomationPractice/\n\nWe attempted to make an http request to this URL but the request failed without a response.\n\nWe received this error at the network level:\n\n  > Error: getaddrinfo ENOTFOUND rahulshettyacademy.com\n\nCommon situations why this would fail:\n  - you don't have internet access\n  - you forgot to run / boot your web server\n  - your web server isn't accessible\n  - you have weird network configuration settings on your computer",
                "estack": "CypressError: `cy.visit()` failed trying to load:\n\nhttps://rahulshettyacademy.com/AutomationPractice/\n\nWe attempted to make an http request to this URL but the request failed without a response.\n\nWe received this error at the network level:\n\n  > Error: getaddrinfo ENOTFOUND rahulshettyacademy.com\n\nCommon situations why this would fail:\n  - you don't have internet access\n  - you forgot to run / boot your web server\n  - your web server isn't accessible\n  - you have weird network configuration settings on your computer\n    at <unknown> (http://localhost:52423/__cypress/runner/cypress_runner.js:148084:82)\n    at visitFailedByErr (http://localhost:52423/__cypress/runner/cypress_runner.js:147476:12)\n    at <unknown> (http://localhost:52423/__cypress/runner/cypress_runner.js:148083:11)\n    at tryCatcher (http://localhost:52423/__cypress/runner/cypress_runner.js:18744:23)\n    at Promise._settlePromiseFromHandler (http://localhost:52423/__cypress/runner/cypress_runner.js:16679:31)\n    at Promise._settlePromise (http://localhost:52423/__cypress/runner/cypress_runner.js:16736:18)\n    at Promise._settlePromise0 (http://localhost:52423/__cypress/runner/cypress_runner.js:16781:10)\n    at Promise._settlePromises (http://localhost:52423/__cypress/runner/cypress_runner.js:16857:18)\n    at _drainQueueStep (http://localhost:52423/__cypress/runner/cypress_runner.js:13451:12)\n    at _drainQueue (http://localhost:52423/__cypress/runner/cypress_runner.js:13444:9)\n    at ../../node_modules/bluebird/js/release/async.js.Async._drainQueues (http://localhost:52423/__cypress/runner/cypress_runner.js:13460:5)\n    at Async.drainQueues (http://localhost:52423/__cypress/runner/cypress_runner.js:13330:14)\nFrom Your Spec Code:\n    at Context.eval (cypress/integration/examples/HandleWebTables.js:17:11)\n\nFrom Node.js Internals:\n  Error: getaddrinfo ENOTFOUND rahulshettyacademy.com\n      at GetAddrInfoReqWrap.onlookup [as oncomplete] (node:dns:71:26)",
                "diff": null
              },
              "uuid": "fa3cb5dd-7b02-484c-9c60-0246454ccd93",
              "parentUUID": "f8fadf2a-ab53-4e4c-8424-418f731a07b5",
              "isHook": false,
              "skipped": false
            }
          ],
          "suites": [],
          "passes": [],
          "failures": [
            "9eb6fad8-e7db-4d12-a4d6-eb6f9f13da3c",
            "fa3cb5dd-7b02-484c-9c60-0246454ccd93"
          ],
          "pending": [],
          "skipped": [],
          "duration": 1424,
          "root": false,
          "rootEmpty": false,
          "_timeout": 2000
        }
      ],
      "passes": [],
      "failures": [],
      "pending": [],
      "skipped": [],
      "duration": 0,
      "root": true,
      "rootEmpty": true,
      "_timeout": 2000
    }
  ],
  "meta": {
    "mocha": {
      "version": "7.0.1"
    },
    "mochawesome": {
      "options": {
        "quiet": false,
        "reportFilename": "mochawesome",
        "saveHtml": false,
        "saveJson": true,
        "consoleReporter": "spec",
        "useInlineDiffs": false,
        "code": true
      },
      "version": "7.1.3"
    },
    "marge": {
      "options": {
        "charts": true,
        "reportPageTitle": "custom-title",
        "embeddedScreenshots": true,
        "inlineAssets": true,
        "saveAllAttempts": false,
        "overwrite": false,
        "html": false,
        "json": true,
        "reportDir": "cypress/reports/html/.jsons"
      },
      "version": "6.2.0"
    }
  }
}