{
  "stats": {
    "suites": 1,
    "tests": 1,
    "passes": 1,
    "pending": 0,
    "failures": 0,
    "start": "2025-05-22T18:45:31.729Z",
    "end": "2025-05-22T18:45:35.080Z",
    "duration": 3351,
    "testsRegistered": 1,
    "passPercent": 100,
    "pendingPercent": 0,
    "other": 0,
    "hasOther": false,
    "skipped": 0,
    "hasSkipped": false
  },
  "results": [
    {
      "uuid": "d207bc7f-7a23-42ec-8457-bbb223080a30",
      "title": "",
      "fullFile": "cypress/integration/examples/Test1.js",
      "file": "cypress/integration/examples/Test1.js",
      "beforeHooks": [],
      "afterHooks": [],
      "tests": [],
      "suites": [
        {
          "uuid": "e93f4fd3-092e-4e71-b210-c33ff5b1d80c",
          "title": "My first test suite",
          "fullFile": "",
          "file": "",
          "beforeHooks": [],
          "afterHooks": [],
          "tests": [
            {
              "title": "my first test case",
              "fullTitle": "My first test suite my first test case",
              "timedOut": null,
              "duration": 2749,
              "state": "passed",
              "speed": "fast",
              "pass": true,
              "fail": false,
              "pending": false,
              "context": "{\n  \"title\": \"cypress-mochawesome-reporter-videos-passed\",\n  \"value\": \"cypress/integration/examples/Test1.js\"\n}",
              "code": "cy.visit('https://rahulshettyacademy.com/seleniumPractise/#/');\ncy.get('.search-keyword').type('ca');\ncy.wait(2000);\ncy.get('.product').should('have.length', 5);\n// cy.get('.product:visible').should('have.length', 4);\n// cy.get('.products').as('prdLocator'); // prdLocator is used as alias here\n// cy.get('@prdLocator').find('.product').should('have.length', 4);\ncy.get('.products').find('.product').should('have.length', 4);\n// cy.get(':nth-child(3) > .product-action > button').click(); // Using CSS selector provided by cypress\ncy.get('.products').find('.product').eq(1).contains('ADD TO CART').click();\ncy.get('.products').find('.product').each(function ($el, indexe, $list) {\n  var vegName = $el.find('h4.product-name').text();\n  if (vegName.includes('Cashews')) {\n    cy.wrap($el).contains('ADD TO CART').click();\n  }\n});\ncy.get('.brand').should('have.text', 'GREENKART');\n// This is to print in logs\ncy.get('.brand').then(function (logoElement) {\n  cy.log(logoElement.text());\n});",
              "err": {},
              "uuid": "640af9b3-e556-49a6-96a3-ffb24a7a5ba8",
              "parentUUID": "e93f4fd3-092e-4e71-b210-c33ff5b1d80c",
              "isHook": false,
              "skipped": false
            }
          ],
          "suites": [],
          "passes": [
            "640af9b3-e556-49a6-96a3-ffb24a7a5ba8"
          ],
          "failures": [],
          "pending": [],
          "skipped": [],
          "duration": 2749,
          "root": false,
          "rootEmpty": false,
          "_timeout": 2000
        }
      ],
      "passes": [],
      "failures": [],
      "pending": [],
      "skipped": [],
      "duration": 0,
      "root": true,
      "rootEmpty": true,
      "_timeout": 2000
    }
  ],
  "meta": {
    "mocha": {
      "version": "7.0.1"
    },
    "mochawesome": {
      "options": {
        "quiet": false,
        "reportFilename": "mochawesome",
        "saveHtml": false,
        "saveJson": true,
        "consoleReporter": "spec",
        "useInlineDiffs": false,
        "code": true
      },
      "version": "7.1.3"
    },
    "marge": {
      "options": {
        "charts": true,
        "reportPageTitle": "custom-title",
        "embeddedScreenshots": true,
        "inlineAssets": true,
        "saveAllAttempts": false,
        "overwrite": false,
        "html": false,
        "json": true,
        "reportDir": "cypress/reports/html/.jsons"
      },
      "version": "6.2.0"
    }
  }
}