{
  "stats": {
    "suites": 1,
    "tests": 1,
    "passes": 1,
    "pending": 0,
    "failures": 0,
    "start": "2025-05-22T18:45:52.179Z",
    "end": "2025-05-22T18:45:59.627Z",
    "duration": 7448,
    "testsRegistered": 1,
    "passPercent": 100,
    "pendingPercent": 0,
    "other": 0,
    "hasOther": false,
    "skipped": 0,
    "hasSkipped": false
  },
  "results": [
    {
      "uuid": "b1af14c9-3904-4f58-8193-113662327299",
      "title": "",
      "fullFile": "cypress/integration/examples/TestAutomationPractice.js",
      "file": "cypress/integration/examples/TestAutomationPractice.js",
      "beforeHooks": [],
      "afterHooks": [],
      "tests": [],
      "suites": [
        {
          "uuid": "86c7e631-9000-4dbd-a574-c95afbdb9b40",
          "title": "My second test suite",
          "fullFile": "",
          "file": "",
          "beforeHooks": [],
          "afterHooks": [],
          "tests": [
            {
              "title": "my first test case of second test suite",
              "fullTitle": "My second test suite my first test case of second test suite",
              "timedOut": null,
              "duration": 6810,
              "state": "passed",
              "speed": "medium",
              "pass": true,
              "fail": false,
              "pending": false,
              "context": "{\n  \"title\": \"cypress-mochawesome-reporter-videos-passed\",\n  \"value\": \"cypress/integration/examples/TestAutomationPractice.js\"\n}",
              "code": "cy.visit('https://rahulshettyacademy.com/AutomationPractice/');\ncy.get('#checkBoxOption1').check().should('be.checked').and('have.value', 'option1');\ncy.wait(2000);\ncy.get('#checkBoxOption1').uncheck().should('not.be.checked');\ncy.wait(2000);\ncy.get('input[type=\"checkbox\"]').check(['option2', 'option3']);\ncy.get('select').select('option2').should('have.value', 'option2');\ncy.get('#autocomplete').type('ind');\ncy.get('.ui-menu-item div').each(function ($el, index, $list) {\n  if ($el.text() === 'India') {\n    cy.wrap($el).click();\n  }\n});\n// Auto complete\ncy.get('#autocomplete').should('have.value', 'India');\n// Visible Invisible\ncy.get('#displayed-text').should('be.visible');\ncy.get('#hide-textbox').click();\ncy.get('#displayed-text').should('not.be.visible');\ncy.get('#show-textbox').click();\ncy.get('#displayed-text').should('be.visible');\n// Radio buttons\ncy.get('input[value=\"radio2\"]').check().should('be.checked');",
              "err": {},
              "uuid": "f4dee8bd-ef3a-4e80-90c5-8130a352bd36",
              "parentUUID": "86c7e631-9000-4dbd-a574-c95afbdb9b40",
              "isHook": false,
              "skipped": false
            }
          ],
          "suites": [],
          "passes": [
            "f4dee8bd-ef3a-4e80-90c5-8130a352bd36"
          ],
          "failures": [],
          "pending": [],
          "skipped": [],
          "duration": 6810,
          "root": false,
          "rootEmpty": false,
          "_timeout": 2000
        }
      ],
      "passes": [],
      "failures": [],
      "pending": [],
      "skipped": [],
      "duration": 0,
      "root": true,
      "rootEmpty": true,
      "_timeout": 2000
    }
  ],
  "meta": {
    "mocha": {
      "version": "7.0.1"
    },
    "mochawesome": {
      "options": {
        "quiet": false,
        "reportFilename": "mochawesome",
        "saveHtml": false,
        "saveJson": true,
        "consoleReporter": "spec",
        "useInlineDiffs": false,
        "code": true
      },
      "version": "7.1.3"
    },
    "marge": {
      "options": {
        "charts": true,
        "reportPageTitle": "custom-title",
        "embeddedScreenshots": true,
        "inlineAssets": true,
        "saveAllAttempts": false,
        "overwrite": false,
        "html": false,
        "json": true,
        "reportDir": "cypress/reports/html/.jsons"
      },
      "version": "6.2.0"
    }
  }
}